2025-09-16 19:10:48,015 INFO:main.py:246:print_splash_screen:PDB2PQR v3.7.1: biomolecular structure conversion software.
2025-09-16 19:10:48,015 INFO:main.py:248:print_splash_screen:Please cite:  Jurrus E, et al.  Improvements to the APBS biomolecular solvation software suite.  Protein Sci 27 112-128 (2018).
2025-09-16 19:10:48,015 INFO:main.py:248:print_splash_screen:Please cite:  Dolinsky TJ, et al.  PDB2PQR: expanding and upgrading automated preparation of biomolecular structures for molecular simulations. Nucleic Acids Res 35 W522-W525 (2007).
2025-09-16 19:10:48,016 INFO:main.py:770:main_driver:Checking and transforming input arguments.
2025-09-16 19:10:48,022 INFO:main.py:774:main_driver:Loading topology files.
2025-09-16 19:10:48,289 INFO:main.py:776:main_driver:Loading molecule: C:\Users\AT\automation_scripts\pdb2pqr_batch\input_pdbs\sample_crn.pdb
2025-09-16 19:10:48,294 INFO:main.py:781:main_driver:Setting up molecule.
2025-09-16 19:10:48,296 INFO:main.py:423:setup_molecule:Created biomolecule object with 46 residues and 327 atoms.
2025-09-16 19:10:48,297 INFO:main.py:785:main_driver:Setting termini states for biomolecule chains.
2025-09-16 19:10:48,300 INFO:main.py:616:non_trivial:Loading forcefield.
2025-09-16 19:10:48,364 INFO:main.py:620:non_trivial:Loading hydrogen topology definitions.
2025-09-16 19:10:48,390 INFO:main.py:474:is_repairable:This biomolecule is clean.  No repair needed.
2025-09-16 19:10:48,391 INFO:main.py:635:non_trivial:Updating disulfide bridges.
2025-09-16 19:10:48,395 INFO:main.py:638:non_trivial:Debumping biomolecule.
2025-09-16 19:10:48,411 INFO:main.py:661:non_trivial:Adding hydrogens to biomolecule.
2025-09-16 19:10:48,459 INFO:main.py:664:non_trivial:Debumping biomolecule (again).
2025-09-16 19:10:48,524 INFO:main.py:666:non_trivial:Optimizing hydrogen bonds
2025-09-16 19:10:48,672 INFO:main.py:678:non_trivial:Applying force field to biomolecule states.
2025-09-16 19:10:48,673 INFO:main.py:725:non_trivial:Regenerating headers.
2025-09-16 19:10:48,674 INFO:main.py:750:non_trivial:Regenerating PDB lines.
2025-09-16 19:10:48,683 WARNING:main.py:326:print_pqr:Ignoring 390 header lines in output.
2025-09-16 19:15:16,371 INFO:main.py:246:print_splash_screen:PDB2PQR v3.7.1: biomolecular structure conversion software.
2025-09-16 19:15:16,371 INFO:main.py:248:print_splash_screen:Please cite:  Jurrus E, et al.  Improvements to the APBS biomolecular solvation software suite.  Protein Sci 27 112-128 (2018).
2025-09-16 19:15:16,372 INFO:main.py:248:print_splash_screen:Please cite:  Dolinsky TJ, et al.  PDB2PQR: expanding and upgrading automated preparation of biomolecular structures for molecular simulations. Nucleic Acids Res 35 W522-W525 (2007).
2025-09-16 19:15:16,372 INFO:main.py:770:main_driver:Checking and transforming input arguments.
2025-09-16 19:15:16,372 INFO:main.py:774:main_driver:Loading topology files.
2025-09-16 19:15:16,444 INFO:main.py:776:main_driver:Loading molecule: C:\Users\AT\automation_scripts\pdb2pqr_batch\input_pdbs\sample_crn.pdb
2025-09-16 19:15:16,449 INFO:main.py:781:main_driver:Setting up molecule.
2025-09-16 19:15:16,451 INFO:main.py:423:setup_molecule:Created biomolecule object with 46 residues and 327 atoms.
2025-09-16 19:15:16,451 INFO:main.py:785:main_driver:Setting termini states for biomolecule chains.
2025-09-16 19:15:16,453 INFO:main.py:616:non_trivial:Loading forcefield.
2025-09-16 19:15:16,460 INFO:main.py:620:non_trivial:Loading hydrogen topology definitions.
2025-09-16 19:15:16,461 INFO:main.py:474:is_repairable:This biomolecule is clean.  No repair needed.
2025-09-16 19:15:16,462 INFO:main.py:635:non_trivial:Updating disulfide bridges.
2025-09-16 19:15:16,465 INFO:main.py:638:non_trivial:Debumping biomolecule.
2025-09-16 19:15:16,475 INFO:main.py:661:non_trivial:Adding hydrogens to biomolecule.
2025-09-16 19:15:16,514 INFO:main.py:664:non_trivial:Debumping biomolecule (again).
2025-09-16 19:15:16,561 INFO:main.py:666:non_trivial:Optimizing hydrogen bonds
2025-09-16 19:15:16,651 INFO:main.py:678:non_trivial:Applying force field to biomolecule states.
2025-09-16 19:15:16,652 INFO:main.py:725:non_trivial:Regenerating headers.
2025-09-16 19:15:16,653 INFO:main.py:750:non_trivial:Regenerating PDB lines.
2025-09-16 19:15:16,658 WARNING:main.py:326:print_pqr:Ignoring 390 header lines in output.
